<?xml version="1.0" encoding="UTF-8"?>
<testng-results ignored="0" total="1" passed="1" failed="0" skipped="0">
  <reporter-output>
  </reporter-output>
  <suite started-at="2023-06-14T12:54:54 IST" name="Default suite" finished-at="2023-06-14T12:55:02 IST" duration-ms="8240">
    <groups>
    </groups>
    <test started-at="2023-06-14T12:54:54 IST" name="Default test" finished-at="2023-06-14T12:55:02 IST" duration-ms="8240">
      <class name="TestMaven.SeleniumPractice.App">
        <test-method signature="getAttribute()[pri:0, instance:TestMaven.SeleniumPractice.App@1530c739]" started-at="2023-06-14T12:54:54 IST" name="getAttribute" finished-at="2023-06-14T12:55:02 IST" duration-ms="8178" status="PASS">
          <reporter-output>
          </reporter-output>
        </test-method> <!-- getAttribute -->
      </class> <!-- TestMaven.SeleniumPractice.App -->
    </test> <!-- Default test -->
  </suite> <!-- Default suite -->
</testng-results>
